  Assembling retspoof.asm...
retspoof.asm(3): error A2013: .MODEL must precede this directive
retspoof.asm(5): error A2034: must be in segment block : RetSpoofStub
retspoof.asm(6): error A2034: must be in segment block
retspoof.asm(7): error A2034: must be in segment block
retspoof.asm(8): error A2034: must be in segment block
retspoof.asm(10): error A2034: must be in segment block
retspoof.asm(11): error A2034: must be in segment block
retspoof.asm(13): error A2034: must be in segment block
retspoof.asm(14): error A2034: must be in segment block
retspoof.asm(16): error A2034: must be in segment block
retspoof.asm(17): error A2034: must be in segment block
retspoof.asm(18): error A2034: must be in segment block
retspoof.asm(19): error A2034: must be in segment block
retspoof.asm(21): error A2034: must be in segment block
retspoof.asm(23): error A2034: must be in segment block
retspoof.asm(24): error A2034: must be in segment block
retspoof.asm(25): error A2034: must be in segment block
retspoof.asm(26): error A2034: must be in segment block
retspoof.asm(27): error A2034: must be in segment block
retspoof.asm(28): fatal error A1010: unmatched block nesting : RetSpoofStub
C:\Program Files (x86)\Microsoft Visual Studio\2019\MSBuild\Microsoft\VC\v160\BuildCustomizations\masm.targets(70,5): error MSB3721: Der Befehl "ml.exe /c /nologo /Zi /Fo"Release\retspoof.obj" /W3 /errorReport:prompt  /Taretspoof.asm" wurde mit Code 1 beendet.
